This is pdfTeX, Version 3.141592653-2.6-1.40.24 (TeX Live 2022) (preloaded format=pdflatex 2022.4.19)  7 NOV 2024 22:05
entering extended mode
 restricted \write18 enabled.
 %&-line parsing enabled.
**Oakleigh_Southern_Metropolitan_SED.tex
(./Oakleigh_Southern_Metropolitan_SED.tex
LaTeX2e <2021-11-15> patch level 1
L3 programming layer <2022-02-24> (/usr/local/texlive/2022/texmf-dist/tex/latex
/tufte-latex/tufte-handout.cls
Document Class: tufte-handout 2015/06/21 v3.5.2 Tufte-handout class
(/usr/local/texlive/2022/texmf-dist/tex/latex/tufte-latex/tufte-common.def
File: tufte-common.def 2015/06/21 v3.5.2 Common code for the Tufte-LaTeX styles

(/usr/local/texlive/2022/texmf-dist/tex/latex/xkeyval/xkeyval.sty
Package: xkeyval 2020/11/20 v2.8 package option processing (HA)
(/usr/local/texlive/2022/texmf-dist/tex/generic/xkeyval/xkeyval.tex (/usr/local
/texlive/2022/texmf-dist/tex/generic/xkeyval/xkvutils.tex
\XKV@toks=\toks16
\XKV@tempa@toks=\toks17
(/usr/local/texlive/2022/texmf-dist/tex/generic/xkeyval/keyval.tex))
\XKV@depth=\count185
File: xkeyval.tex 2014/12/03 v2.7a key=value parser (HA)
)) (/usr/local/texlive/2022/texmf-dist/tex/latex/xifthen/xifthen.sty
Package: xifthen 2015/11/05 v1.4.0 Extended ifthen features
(/usr/local/texlive/2022/texmf-dist/tex/latex/tools/calc.sty
Package: calc 2017/05/25 v4.3 Infix arithmetic (KKT,FJ)
\calc@Acount=\count186
\calc@Bcount=\count187
\calc@Adimen=\dimen138
\calc@Bdimen=\dimen139
\calc@Askip=\skip47
\calc@Bskip=\skip48
LaTeX Info: Redefining \setlength on input line 80.
LaTeX Info: Redefining \addtolength on input line 81.
\calc@Ccount=\count188
\calc@Cskip=\skip49
) (/usr/local/texlive/2022/texmf-dist/tex/latex/base/ifthen.sty
Package: ifthen 2020/11/24 v1.1c Standard LaTeX ifthen package (DPC)
) (/usr/local/texlive/2022/texmf-dist/tex/latex/ifmtarg/ifmtarg.sty
Package: ifmtarg 2018/04/16 v1.2b check for an empty argument
)) (/usr/local/texlive/2022/texmf-dist/tex/latex/hardwrap/hardwrap.sty
Package: hardwrap 2011/02/12 v0.2 Hard wrap messages
(/usr/local/texlive/2022/texmf-dist/tex/latex/ifplatform/ifplatform.sty
Package: ifplatform 2017/10/13 v0.4a Testing for the operating system
(/usr/local/texlive/2022/texmf-dist/tex/latex/tools/shellesc.sty
Package: shellesc 2019/11/08 v1.0c unified shell escape interface for LaTeX
Package shellesc Info: Restricted shell escape enabled on input line 77.
) (/usr/local/texlive/2022/texmf-dist/tex/generic/pdftexcmds/pdftexcmds.sty
Package: pdftexcmds 2020-06-27 v0.33 Utility functions of pdfTeX for LuaTeX (HO
)
(/usr/local/texlive/2022/texmf-dist/tex/generic/infwarerr/infwarerr.sty
Package: infwarerr 2019/12/03 v1.5 Providing info/warning/error messages (HO)
) (/usr/local/texlive/2022/texmf-dist/tex/generic/iftex/iftex.sty
Package: iftex 2022/02/03 v1.0f TeX engine tests
) (/usr/local/texlive/2022/texmf-dist/tex/generic/ltxcmds/ltxcmds.sty
Package: ltxcmds 2020-05-10 v1.25 LaTeX kernel commands for general use (HO)
)
Package pdftexcmds Info: \pdf@primitive is available.
Package pdftexcmds Info: \pdf@ifprimitive is available.
Package pdftexcmds Info: \pdfdraftmode found.
) (/usr/local/texlive/2022/texmf-dist/tex/generic/catchfile/catchfile.sty
Package: catchfile 2019/12/09 v1.8 Catch the contents of a file (HO)
(/usr/local/texlive/2022/texmf-dist/tex/generic/etexcmds/etexcmds.sty
Package: etexcmds 2019/12/15 v1.7 Avoid name clashes with e-TeX commands (HO)
)) (/usr/local/texlive/2022/texmf-dist/tex/generic/iftex/ifluatex.sty
Package: ifluatex 2019/10/25 v1.5 ifluatex legacy package. Use iftex instead.
)

Package ifplatform Warning: 
    shell escape is disabled, so I can only detect \ifwindows.

) (/usr/local/texlive/2022/texmf-dist/tex/generic/iftex/ifxetex.sty
Package: ifxetex 2019/10/25 v0.7 ifxetex legacy package. Use iftex instead.
)
\hw@charcount=\count189
\hw@wordcount=\count190
\hw@maxprintline=\count191
(|kpsewhich -var-value=max_print_line))
Class tufte-handout Info: Loading the base class `article'
(/usr/local/texlive/2022/texmf-dist/tex/latex/base/article.cls
Document Class: article 2021/10/04 v1.4n Standard LaTeX document class
(/usr/local/texlive/2022/texmf-dist/tex/latex/base/size10.clo
File: size10.clo 2021/10/04 v1.4n Standard LaTeX file (size option)
)
\c@part=\count192
\c@section=\count193
\c@subsection=\count194
\c@subsubsection=\count195
\c@paragraph=\count196
\c@subparagraph=\count197
\c@figure=\count198
\c@table=\count199
\abovecaptionskip=\skip50
\belowcaptionskip=\skip51
\bibindent=\dimen140
) (/usr/local/texlive/2022/texmf-dist/tex/generic/iftex/ifpdf.sty
Package: ifpdf 2019/10/25 v3.4 ifpdf legacy package. Use iftex instead.
) (/usr/local/texlive/2022/texmf-dist/tex/latex/titlesec/titlesec.sty
Package: titlesec 2021/07/05 v2.14 Sectioning titles
\ttl@box=\box50
\beforetitleunit=\skip52
\aftertitleunit=\skip53
\ttl@plus=\dimen141
\ttl@minus=\dimen142
\ttl@toksa=\toks18
\titlewidth=\dimen143
\titlewidthlast=\dimen144
\titlewidthfirst=\dimen145
) (/usr/local/texlive/2022/texmf-dist/tex/latex/titlesec/titletoc.sty
Package: titletoc 2021/07/05 v2.14 TOC entries
\ttl@leftsep=\dimen146
) (/usr/local/texlive/2022/texmf-dist/tex/latex/hyperref/hyperref.sty
Package: hyperref 2022-02-21 v7.00n Hypertext links for LaTeX
(/usr/local/texlive/2022/texmf-dist/tex/generic/kvsetkeys/kvsetkeys.sty
Package: kvsetkeys 2019/12/15 v1.18 Key value parser (HO)
) (/usr/local/texlive/2022/texmf-dist/tex/generic/kvdefinekeys/kvdefinekeys.sty
Package: kvdefinekeys 2019-12-19 v1.6 Define keys (HO)
) (/usr/local/texlive/2022/texmf-dist/tex/generic/pdfescape/pdfescape.sty
Package: pdfescape 2019/12/09 v1.15 Implements pdfTeX's escape features (HO)
) (/usr/local/texlive/2022/texmf-dist/tex/latex/hycolor/hycolor.sty
Package: hycolor 2020-01-27 v1.10 Color options for hyperref/bookmark (HO)
) (/usr/local/texlive/2022/texmf-dist/tex/latex/letltxmacro/letltxmacro.sty
Package: letltxmacro 2019/12/03 v1.6 Let assignment for LaTeX macros (HO)
) (/usr/local/texlive/2022/texmf-dist/tex/latex/auxhook/auxhook.sty
Package: auxhook 2019-12-17 v1.6 Hooks for auxiliary files (HO)
) (/usr/local/texlive/2022/texmf-dist/tex/latex/kvoptions/kvoptions.sty
Package: kvoptions 2020-10-07 v3.14 Key value format for package options (HO)
)
\@linkdim=\dimen147
\Hy@linkcounter=\count266
\Hy@pagecounter=\count267
(/usr/local/texlive/2022/texmf-dist/tex/latex/hyperref/pd1enc.def
File: pd1enc.def 2022-02-21 v7.00n Hyperref: PDFDocEncoding definition (HO)
Now handling font encoding PD1 ...
... no UTF-8 mapping file for font encoding PD1
) (/usr/local/texlive/2022/texmf-dist/tex/generic/intcalc/intcalc.sty
Package: intcalc 2019/12/15 v1.3 Expandable calculations with integers (HO)
)
\Hy@SavedSpaceFactor=\count268
(/usr/local/texlive/2022/texmf-dist/tex/latex/hyperref/puenc.def
File: puenc.def 2022-02-21 v7.00n Hyperref: PDF Unicode definition (HO)
Now handling font encoding PU ...
... no UTF-8 mapping file for font encoding PU
)
Package hyperref Info: Option `unicode' set `true' on input line 4018.
Package hyperref Info: Option `hyperfootnotes' set `false' on input line 4018.
Package hyperref Info: Hyper figures OFF on input line 4137.
Package hyperref Info: Link nesting OFF on input line 4142.
Package hyperref Info: Hyper index ON on input line 4145.
Package hyperref Info: Plain pages OFF on input line 4152.
Package hyperref Info: Backreferencing OFF on input line 4157.
Package hyperref Info: Implicit mode ON; LaTeX internals redefined.
Package hyperref Info: Bookmarks ON on input line 4390.
\c@Hy@tempcnt=\count269
(/usr/local/texlive/2022/texmf-dist/tex/latex/url/url.sty
\Urlmuskip=\muskip16
Package: url 2013/09/16  ver 3.4  Verb mode for urls, etc.
)
LaTeX Info: Redefining \url on input line 4749.
\XeTeXLinkMargin=\dimen148
(/usr/local/texlive/2022/texmf-dist/tex/generic/bitset/bitset.sty
Package: bitset 2019/12/09 v1.3 Handle bit-vector datatype (HO)
(/usr/local/texlive/2022/texmf-dist/tex/generic/bigintcalc/bigintcalc.sty
Package: bigintcalc 2019/12/15 v1.5 Expandable calculations on big integers (HO
)
))
\Fld@menulength=\count270
\Field@Width=\dimen149
\Fld@charsize=\dimen150
Package hyperref Info: Hyper figures OFF on input line 6027.
Package hyperref Info: Link nesting OFF on input line 6032.
Package hyperref Info: Hyper index ON on input line 6035.
Package hyperref Info: backreferencing OFF on input line 6042.
Package hyperref Info: Link coloring OFF on input line 6047.
Package hyperref Info: Link coloring with OCG OFF on input line 6052.
Package hyperref Info: PDF/A mode OFF on input line 6057.
LaTeX Info: Redefining \ref on input line 6097.
LaTeX Info: Redefining \pageref on input line 6101.
(/usr/local/texlive/2022/texmf-dist/tex/latex/base/atbegshi-ltx.sty
Package: atbegshi-ltx 2021/01/10 v1.0c Emulation of the original atbegshi
package with kernel methods
)
\Hy@abspage=\count271
\c@Item=\count272
)
Package hyperref Info: Driver (autodetected): hpdftex.
(/usr/local/texlive/2022/texmf-dist/tex/latex/hyperref/hpdftex.def
File: hpdftex.def 2022-02-21 v7.00n Hyperref driver for pdfTeX
(/usr/local/texlive/2022/texmf-dist/tex/latex/base/atveryend-ltx.sty
Package: atveryend-ltx 2020/08/19 v1.0a Emulation of the original atveryend pac
kage
with kernel methods
)
\Fld@listcount=\count273
\c@bookmark@seq@number=\count274

(/usr/local/texlive/2022/texmf-dist/tex/latex/rerunfilecheck/rerunfilecheck.sty
Package: rerunfilecheck 2019/12/05 v1.9 Rerun checks for auxiliary files (HO)

(/usr/local/texlive/2022/texmf-dist/tex/generic/uniquecounter/uniquecounter.sty
Package: uniquecounter 2019/12/15 v1.4 Provide unlimited unique counter (HO)
)
Package uniquecounter Info: New unique counter `rerunfilecheck' on input line 2
86.
)
\Hy@SectionHShift=\skip54
) (/usr/local/texlive/2022/texmf-dist/tex/latex/ragged2e/ragged2e.sty
Package: ragged2e 2021/12/15 v3.1 ragged2e Package
\CenteringLeftskip=\skip55
\RaggedLeftLeftskip=\skip56
\RaggedRightLeftskip=\skip57
\CenteringRightskip=\skip58
\RaggedLeftRightskip=\skip59
\RaggedRightRightskip=\skip60
\CenteringParfillskip=\skip61
\RaggedLeftParfillskip=\skip62
\RaggedRightParfillskip=\skip63
\JustifyingParfillskip=\skip64
\CenteringParindent=\skip65
\RaggedLeftParindent=\skip66
\RaggedRightParindent=\skip67
\JustifyingParindent=\skip68
) (/usr/local/texlive/2022/texmf-dist/tex/latex/geometry/geometry.sty
Package: geometry 2020/01/02 v5.9 Page Geometry
(/usr/local/texlive/2022/texmf-dist/tex/generic/iftex/ifvtex.sty
Package: ifvtex 2019/10/25 v1.7 ifvtex legacy package. Use iftex instead.
)
\Gm@cnth=\count275
\Gm@cntv=\count276
\c@Gm@tempcnt=\count277
\Gm@bindingoffset=\dimen151
\Gm@wd@mp=\dimen152
\Gm@odd@mp=\dimen153
\Gm@even@mp=\dimen154
\Gm@layoutwidth=\dimen155
\Gm@layoutheight=\dimen156
\Gm@layouthoffset=\dimen157
\Gm@layoutvoffset=\dimen158
\Gm@dimlist=\toks19
) (/usr/local/texlive/2022/texmf-dist/tex/latex/changepage/changepage.sty
Package: changepage 2009/10/20 v1.0c check page and change page layout
\c@cp@cntr=\count278
\cp@tempcnt=\count279
)
\@tufte@overhang=\skip69
\@tufte@fullwidth=\skip70
\@tufte@caption@fill=\skip71
(/usr/local/texlive/2022/texmf-dist/tex/latex/paralist/paralist.sty
Package: paralist 2017/01/22 v2.7 Extended list environments
\pltopsep=\skip72
\plpartopsep=\skip73
\plitemsep=\skip74
\plparsep=\skip75
\pl@lab=\toks20
) (/usr/local/texlive/2022/texmf-dist/tex/latex/textcase/textcase.sty
Package: textcase 2019/09/14 v1.00 Text only upper/lower case changing (DPC)
) (/usr/local/texlive/2022/texmf-dist/tex/latex/microtype/letterspace.sty
Package: letterspace 2022/03/14 v3.0d Robust letterspacing (RS)
LaTeX Info: Redefining \lsstyle on input line 340.
LaTeX Info: Redefining \lslig on input line 341.
LaTeX Info: Redefining \textls on input line 369.
\MT@outer@kern=\dimen159
) (/usr/local/texlive/2022/texmf-dist/tex/latex/setspace/setspace.sty
Package: setspace 2011/12/19 v6.7a set line spacing
) (/usr/local/texlive/2022/texmf-dist/tex/latex/xcolor/xcolor.sty
Package: xcolor 2021/10/31 v2.13 LaTeX color extensions (UK)
(/usr/local/texlive/2022/texmf-dist/tex/latex/graphics-cfg/color.cfg
File: color.cfg 2016/01/02 v1.6 sample color configuration
)
Package xcolor Info: Package option `usenames' ignored on input line 218.
Package xcolor Info: Driver file: pdftex.def on input line 227.
(/usr/local/texlive/2022/texmf-dist/tex/latex/graphics-def/pdftex.def
File: pdftex.def 2020/10/05 v1.2a Graphics/color driver for pdftex
)
Package xcolor Info: Model `cmy' substituted by `cmy0' on input line 1352.
Package xcolor Info: Model `hsb' substituted by `rgb' on input line 1356.
Package xcolor Info: Model `RGB' extended on input line 1368.
Package xcolor Info: Model `HTML' substituted by `rgb' on input line 1370.
Package xcolor Info: Model `Hsb' substituted by `hsb' on input line 1371.
Package xcolor Info: Model `tHsb' substituted by `hsb' on input line 1372.
Package xcolor Info: Model `HSB' substituted by `hsb' on input line 1373.
Package xcolor Info: Model `Gray' substituted by `gray' on input line 1374.
Package xcolor Info: Model `wave' substituted by `hsb' on input line 1375.
(/usr/local/texlive/2022/texmf-dist/tex/latex/graphics/dvipsnam.def
File: dvipsnam.def 2016/06/17 v3.0m Driver-dependent file (DPC,SPQR)
) (/usr/local/texlive/2022/texmf-dist/tex/latex/xcolor/svgnam.def
File: svgnam.def 2021/10/31 v2.13 Predefined colors according to SVG 1.1 (UK)
)) (/usr/local/texlive/2022/texmf-dist/tex/latex/natbib/natbib.sty
Package: natbib 2010/09/13 8.31b (PWD, AO)
\bibhang=\skip76
\bibsep=\skip77
LaTeX Info: Redefining \cite on input line 694.
\c@NAT@ctr=\count280
) (/usr/local/texlive/2022/texmf-dist/tex/latex/natbib/bibentry.sty
Package: bibentry 2007/10/30 1.5 (PWD)
)
No file Oakleigh_Southern_Metropolitan_SED.bbl.
\c@@tufte@num@bibkeys=\count281
(/usr/local/texlive/2022/texmf-dist/tex/latex/sauerj/optparams.sty
Package: optparams 2004/08/14 v0.9 multiple optional parameters in macros
)
\@tufte@sidenote@vertical@offset=\skip78
(/usr/local/texlive/2022/texmf-dist/tex/latex/placeins/placeins.sty
Package: placeins 2005/04/18  v 2.2
)
\@tufte@margin@floatbox=\box51
\@tufte@figure@box=\box52
\@tufte@caption@box=\box53
\@tufte@caption@vertical@offset=\skip79
\@tufte@float@contents@width=\skip80
(/usr/local/texlive/2022/texmf-dist/tex/latex/psnfss/mathpazo.sty
Package: mathpazo 2020/03/25 PSNFSS-v9.3 Palatino w/ Pazo Math (D.Puga, WaS) 
\symupright=\mathgroup4
) (/usr/local/texlive/2022/texmf-dist/tex/latex/psnfss/helvet.sty
Package: helvet 2020/03/25 PSNFSS-v9.3 (WaS) 
) (/usr/local/texlive/2022/texmf-dist/tex/latex/bera/beramono.sty
Package: beramono 2004/01/31 (WaS)
) (/usr/local/texlive/2022/texmf-dist/tex/latex/base/fontenc.sty
Package: fontenc 2021/04/29 v2.0v Standard LaTeX package
LaTeX Font Info:    Trying to load font information for T1+pplj on input line 1
12.
(/usr/local/texlive/2022/texmf-dist/tex/latex/psnfss/t1pplj.fd
File: t1pplj.fd 2004/09/06 font definitions for T1/pplj.
)) (/usr/local/texlive/2022/texmf-dist/tex/latex/base/textcomp.sty
Package: textcomp 2020/02/02 v2.0n Standard LaTeX package
) (/usr/local/texlive/2022/texmf-dist/tex/latex/fancyhdr/fancyhdr.sty
Package: fancyhdr 2021/01/28 v4.0.1 Extensive control of page headers and foote
rs
\f@nch@headwidth=\skip81
\f@nch@O@elh=\skip82
\f@nch@O@erh=\skip83
\f@nch@O@olh=\skip84
\f@nch@O@orh=\skip85
\f@nch@O@elf=\skip86
\f@nch@O@erf=\skip87
\f@nch@O@olf=\skip88
\f@nch@O@orf=\skip89
)
\tufteskipamount=\skip90
(/usr/local/texlive/2022/texmf-dist/tex/latex/tools/multicol.sty
Package: multicol 2021/10/28 v1.9b multicolumn formatting (FMi)
\c@tracingmulticols=\count282
\mult@box=\box54
\multicol@leftmargin=\dimen160
\c@unbalance=\count283
\c@collectmore=\count284
\doublecol@number=\count285
\multicoltolerance=\count286
\multicolpretolerance=\count287
\full@width=\dimen161
\page@free=\dimen162
\premulticols=\dimen163
\postmulticols=\dimen164
\multicolsep=\skip91
\multicolbaselineskip=\skip92
\partial@page=\box55
\last@line=\box56
\maxbalancingoverflow=\dimen165
\mult@rightbox=\box57
\mult@grightbox=\box58
\mult@firstbox=\box59
\mult@gfirstbox=\box60
\@tempa=\box61
\@tempa=\box62
\@tempa=\box63
\@tempa=\box64
\@tempa=\box65
\@tempa=\box66
\@tempa=\box67
\@tempa=\box68
\@tempa=\box69
\@tempa=\box70
\@tempa=\box71
\@tempa=\box72
\@tempa=\box73
\@tempa=\box74
\@tempa=\box75
\@tempa=\box76
\@tempa=\box77
\@tempa=\box78
\@tempa=\box79
\@tempa=\box80
\@tempa=\box81
\@tempa=\box82
\@tempa=\box83
\@tempa=\box84
\@tempa=\box85
\@tempa=\box86
\@tempa=\box87
\@tempa=\box88
\@tempa=\box89
\@tempa=\box90
\@tempa=\box91
\@tempa=\box92
\@tempa=\box93
\@tempa=\box94
\@tempa=\box95
\@tempa=\box96
\c@minrows=\count288
\c@columnbadness=\count289
\c@finalcolumnbadness=\count290
\last@try=\dimen166
\multicolovershoot=\dimen167
\multicolundershoot=\dimen168
\mult@nat@firstbox=\box97
\colbreak@box=\box98
\mc@col@check@num=\count291
))) (/usr/local/texlive/2022/texmf-dist/tex/latex/amsfonts/amssymb.sty
Package: amssymb 2013/01/14 v3.01 AMS font symbols
(/usr/local/texlive/2022/texmf-dist/tex/latex/amsfonts/amsfonts.sty
Package: amsfonts 2013/01/14 v3.01 Basic AMSFonts support
\@emptytoks=\toks21
\symAMSa=\mathgroup5
\symAMSb=\mathgroup6
LaTeX Font Info:    Redeclaring math symbol \hbar on input line 98.
LaTeX Font Info:    Overwriting math alphabet `\mathfrak' in version `bold'
(Font)                  U/euf/m/n --> U/euf/b/n on input line 106.
)) (/usr/local/texlive/2022/texmf-dist/tex/latex/amsmath/amsmath.sty
Package: amsmath 2021/10/15 v2.17l AMS math features
\@mathmargin=\skip93
For additional information on amsmath, use the `?' option.
(/usr/local/texlive/2022/texmf-dist/tex/latex/amsmath/amstext.sty
Package: amstext 2021/08/26 v2.01 AMS text
(/usr/local/texlive/2022/texmf-dist/tex/latex/amsmath/amsgen.sty
File: amsgen.sty 1999/11/30 v2.0 generic functions
\@emptytoks=\toks22
\ex@=\dimen169
)) (/usr/local/texlive/2022/texmf-dist/tex/latex/amsmath/amsbsy.sty
Package: amsbsy 1999/11/29 v1.2d Bold Symbols
\pmbraise@=\dimen170
) (/usr/local/texlive/2022/texmf-dist/tex/latex/amsmath/amsopn.sty
Package: amsopn 2021/08/26 v2.02 operator names
)
\inf@bad=\count292
LaTeX Info: Redefining \frac on input line 234.
\uproot@=\count293
\leftroot@=\count294
LaTeX Info: Redefining \overline on input line 399.
\classnum@=\count295
\DOTSCASE@=\count296
LaTeX Info: Redefining \ldots on input line 496.
LaTeX Info: Redefining \dots on input line 499.
LaTeX Info: Redefining \cdots on input line 620.
\Mathstrutbox@=\box99
\strutbox@=\box100
\big@size=\dimen171
LaTeX Font Info:    Redeclaring font encoding OML on input line 743.
LaTeX Font Info:    Redeclaring font encoding OMS on input line 744.
\macc@depth=\count297
\c@MaxMatrixCols=\count298
\dotsspace@=\muskip17
\c@parentequation=\count299
\dspbrk@lvl=\count300
\tag@help=\toks23
\row@=\count301
\column@=\count302
\maxfields@=\count303
\andhelp@=\toks24
\eqnshift@=\dimen172
\alignsep@=\dimen173
\tagshift@=\dimen174
\tagwidth@=\dimen175
\totwidth@=\dimen176
\lineht@=\dimen177
\@envbody=\toks25
\multlinegap=\skip94
\multlinetaggap=\skip95
\mathdisplay@stack=\toks26
LaTeX Info: Redefining \[ on input line 2938.
LaTeX Info: Redefining \] on input line 2939.
) (/usr/local/texlive/2022/texmf-dist/tex/latex/base/fixltx2e.sty
Package: fixltx2e 2016/12/29 v2.1a fixes to LaTeX (obsolete)
Applying: [2015/01/01] Old fixltx2e package on input line 46.

Package fixltx2e Warning: fixltx2e is not required with releases after 2015
(fixltx2e)                All fixes are now in the LaTeX kernel.
(fixltx2e)                See the latexrelease package for details.

Already applied: [0000/00/00] Old fixltx2e package on input line 53.
) (/usr/local/texlive/2022/texmf-dist/tex/latex/base/fontenc.sty
Package: fontenc 2021/04/29 v2.0v Standard LaTeX package
) (/usr/local/texlive/2022/texmf-dist/tex/latex/base/inputenc.sty
Package: inputenc 2021/02/14 v1.3d Input encoding file
\inpenc@prehook=\toks27
\inpenc@posthook=\toks28
) (/usr/local/texlive/2022/texmf-dist/tex/latex/graphics/graphicx.sty
Package: graphicx 2021/09/16 v1.2d Enhanced LaTeX Graphics (DPC,SPQR)
(/usr/local/texlive/2022/texmf-dist/tex/latex/graphics/graphics.sty
Package: graphics 2021/03/04 v1.4d Standard LaTeX Graphics (DPC,SPQR)
(/usr/local/texlive/2022/texmf-dist/tex/latex/graphics/trig.sty
Package: trig 2021/08/11 v1.11 sin cos tan (DPC)
) (/usr/local/texlive/2022/texmf-dist/tex/latex/graphics-cfg/graphics.cfg
File: graphics.cfg 2016/06/04 v1.11 sample graphics configuration
)
Package graphics Info: Driver file: pdftex.def on input line 107.
)
\Gin@req@height=\dimen178
\Gin@req@width=\dimen179
) (/usr/local/texlive/2022/texmf-dist/tex/latex/booktabs/booktabs.sty
Package: booktabs 2020/01/12 v1.61803398 Publication quality tables
\heavyrulewidth=\dimen180
\lightrulewidth=\dimen181
\cmidrulewidth=\dimen182
\belowrulesep=\dimen183
\belowbottomsep=\dimen184
\aboverulesep=\dimen185
\abovetopsep=\dimen186
\cmidrulesep=\dimen187
\cmidrulekern=\dimen188
\defaultaddspace=\dimen189
\@cmidla=\count304
\@cmidlb=\count305
\@aboverulesep=\dimen190
\@belowrulesep=\dimen191
\@thisruleclass=\count306
\@lastruleclass=\count307
\@thisrulewidth=\dimen192
) (/usr/local/texlive/2022/texmf-dist/tex/latex/units/units.sty
Package: units 1998/08/04 v0.9b Typesetting units
(/usr/local/texlive/2022/texmf-dist/tex/latex/units/nicefrac.sty
Package: nicefrac 1998/08/04 v0.9b Nice fractions
\L@UnitsRaiseDisplaystyle=\skip96
\L@UnitsRaiseTextstyle=\skip97
\L@UnitsRaiseScriptstyle=\skip98
)) (/usr/local/texlive/2022/texmf-dist/tex/generic/ulem/ulem.sty
\UL@box=\box101
\UL@hyphenbox=\box102
\UL@skip=\skip99
\UL@hook=\toks29
\UL@height=\dimen193
\UL@pe=\count308
\UL@pixel=\dimen194
\ULC@box=\box103
Package: ulem 2019/11/18
\ULdepth=\dimen195
) (/usr/local/texlive/2022/texmf-dist/tex/latex/morefloats/morefloats.sty
Package: morefloats 2015/07/22 v1.0h Raise limit of unprocessed floats (HMM)
Package morefloats Info: Maximum number of possible floats asked for: 36
(morefloats)             (i.e. 18 more floats).
(morefloats)             LaTeX might run out of memory before this
(morefloats)             (in which case it will notify you).
) (/usr/local/texlive/2022/texmf-dist/tex/latex/tools/longtable.sty
Package: longtable 2021-09-01 v4.17 Multi-page Table package (DPC)
\LTleft=\skip100
\LTright=\skip101
\LTpre=\skip102
\LTpost=\skip103
\LTchunksize=\count309
\LTcapwidth=\dimen196
\LT@head=\box104
\LT@firsthead=\box105
\LT@foot=\box106
\LT@lastfoot=\box107
\LT@gbox=\box108
\LT@cols=\count310
\LT@rows=\count311
\c@LT@tables=\count312
\c@LT@chunks=\count313
\LT@p@ftn=\toks30
) (/usr/local/texlive/2022/texmf-dist/tex/latex/tools/array.sty
Package: array 2021/10/04 v2.5f Tabular extension package (FMi)
\col@sep=\dimen197
\ar@mcellbox=\box109
\extrarowheight=\dimen198
\NC@list=\toks31
\extratabsurround=\skip104
\backup@length=\skip105
\ar@cellbox=\box110
) (/usr/local/texlive/2022/texmf-dist/tex/latex/multirow/multirow.sty
Package: multirow 2021/03/15 v2.8 Span multiple rows of a table
\multirow@colwidth=\skip106
\multirow@cntb=\count314
\multirow@dima=\skip107
\bigstrutjot=\dimen199
) (/usr/local/texlive/2022/texmf-dist/tex/latex/wrapfig/wrapfig.sty
\wrapoverhang=\dimen256
\WF@size=\dimen257
\c@WF@wrappedlines=\count315
\WF@box=\box111
\WF@everypar=\toks32
Package: wrapfig 2003/01/31  v 3.6
) (/usr/local/texlive/2022/texmf-dist/tex/latex/float/float.sty
Package: float 2001/11/08 v1.3d Float enhancements (AL)
\c@float@type=\count316
\float@exts=\toks33
\float@box=\box112
\@float@everytoks=\toks34
\@floatcapt=\box113
) (/usr/local/texlive/2022/texmf-dist/tex/latex/colortbl/colortbl.sty
Package: colortbl 2020/01/04 v1.0e Color table columns (DPC)
\everycr=\toks35
\minrowclearance=\skip108
) (/usr/local/texlive/2022/texmf-dist/tex/latex/pdflscape/pdflscape.sty
Package: pdflscape 2019/12/05 v0.12 Display of landscape pages in PDF (HO)
(/usr/local/texlive/2022/texmf-dist/tex/latex/graphics/lscape.sty
Package: lscape 2020/05/28 v3.02 Landscape Pages (DPC)
)
Package pdflscape Info: Auto-detected driver: pdftex on input line 81.
) (/usr/local/texlive/2022/texmf-dist/tex/latex/tabu/tabu.sty
Package: tabu 2019/01/11 v2.9 - flexible LaTeX tabulars (FC+tabu-fixed)
(/usr/local/texlive/2022/texmf-dist/tex/latex/varwidth/varwidth.sty
Package: varwidth 2009/03/30 ver 0.92;  Variable-width minipages
\@vwid@box=\box114
\sift@deathcycles=\count317
\@vwid@loff=\dimen258
\@vwid@roff=\dimen259
)
\c@taburow=\count318
\tabu@nbcols=\count319
\tabu@cnt=\count320
\tabu@Xcol=\count321
\tabu@alloc=\count322
\tabu@nested=\count323
\tabu@target=\dimen260
\tabu@spreadtarget=\dimen261
\tabu@naturalX=\dimen262
\tabucolX=\dimen263
\tabu@Xsum=\dimen264
\extrarowdepth=\dimen265
\abovetabulinesep=\dimen266
\belowtabulinesep=\dimen267
\tabustrutrule=\dimen268
\tabu@thebody=\toks36
\tabu@footnotes=\toks37
\tabu@box=\box115
\tabu@arstrutbox=\box116
\tabu@hleads=\box117
\tabu@vleads=\box118
\tabu@cellskip=\skip109
)
(/usr/local/texlive/2022/texmf-dist/tex/latex/threeparttable/threeparttable.sty
Package: threeparttable 2003/06/13  v 3.0
\@tempboxb=\box119
)
(/usr/local/texlive/2022/texmf-dist/tex/latex/threeparttablex/threeparttablex.s
ty
Package: threeparttablex 2013/07/23 v0.3 by daleif
(/usr/local/texlive/2022/texmf-dist/tex/latex/environ/environ.sty
Package: environ 2014/05/04 v0.3 A new way to define environments
(/usr/local/texlive/2022/texmf-dist/tex/latex/trimspaces/trimspaces.sty
Package: trimspaces 2009/09/17 v1.1 Trim spaces around a token list
))
\TPTL@width=\skip110
) (/usr/local/texlive/2022/texmf-dist/tex/latex/makecell/makecell.sty
Package: makecell 2009/08/03 V0.1e Managing of Tab Column Heads and Cells
\rotheadsize=\dimen269
\c@nlinenum=\count324
\TeXr@lab=\toks38
) (/usr/local/texlive/2022/texmf-dist/tex/latex/l3backend/l3backend-pdftex.def
File: l3backend-pdftex.def 2022-02-07 L3 backend support: PDF output (pdfTeX)
\l__color_backend_stack_int=\count325
\l__pdf_internal_box=\box120
) (./Oakleigh_Southern_Metropolitan_SED.aux)
\openout1 = `Oakleigh_Southern_Metropolitan_SED.aux'.

LaTeX Font Info:    Checking defaults for OML/cmm/m/it on input line 87.
LaTeX Font Info:    ... okay on input line 87.
LaTeX Font Info:    Checking defaults for OMS/cmsy/m/n on input line 87.
LaTeX Font Info:    ... okay on input line 87.
LaTeX Font Info:    Checking defaults for OT1/cmr/m/n on input line 87.
LaTeX Font Info:    ... okay on input line 87.
LaTeX Font Info:    Checking defaults for T1/cmr/m/n on input line 87.
LaTeX Font Info:    ... okay on input line 87.
LaTeX Font Info:    Checking defaults for TS1/cmr/m/n on input line 87.
LaTeX Font Info:    ... okay on input line 87.
LaTeX Font Info:    Checking defaults for OMX/cmex/m/n on input line 87.
LaTeX Font Info:    ... okay on input line 87.
LaTeX Font Info:    Checking defaults for U/cmr/m/n on input line 87.
LaTeX Font Info:    ... okay on input line 87.
LaTeX Font Info:    Checking defaults for PD1/pdf/m/n on input line 87.
LaTeX Font Info:    ... okay on input line 87.
LaTeX Font Info:    Checking defaults for PU/pdf/m/n on input line 87.
LaTeX Font Info:    ... okay on input line 87.
Package hyperref Info: Link coloring OFF on input line 87.
(/usr/local/texlive/2022/texmf-dist/tex/latex/hyperref/nameref.sty
Package: nameref 2021-04-02 v2.47 Cross-referencing by name of section
(/usr/local/texlive/2022/texmf-dist/tex/latex/refcount/refcount.sty
Package: refcount 2019/12/15 v3.6 Data extraction from label references (HO)
)
(/usr/local/texlive/2022/texmf-dist/tex/generic/gettitlestring/gettitlestring.s
ty
Package: gettitlestring 2019/12/15 v1.6 Cleanup title references (HO)
)
\c@section@level=\count326
)
LaTeX Info: Redefining \ref on input line 87.
LaTeX Info: Redefining \pageref on input line 87.
LaTeX Info: Redefining \nameref on input line 87.
(./Oakleigh_Southern_Metropolitan_SED.out) (./Oakleigh_Southern_Metropolitan_SE
D.out)
\@outlinefile=\write3
\openout3 = `Oakleigh_Southern_Metropolitan_SED.out'.

*geometry* driver: auto-detecting
*geometry* detected driver: pdftex
*geometry* verbose mode - [ preamble ] result:
* driver: pdftex
* paper: letterpaper
* layout: <same size as paper>
* layoutoffset:(h,v)=(0.0pt,0.0pt)
* modes: twoside asymmetric 
* h-part:(L,W,R)=(72.26999pt, 312.0pt, 230.02501pt)
* v-part:(T,H,B)=(72.26999pt, 616.0pt, 106.7pt)
* \paperwidth=614.295pt
* \paperheight=794.96999pt
* \textwidth=312.0pt
* \textheight=616.0pt
* \oddsidemargin=0.0pt
* \evensidemargin=0.0pt
* \topmargin=-42.0pt
* \headheight=14.0pt
* \headsep=28.0pt
* \topskip=10.0pt
* \footskip=30.0pt
* \marginparwidth=144.0pt
* \marginparsep=24.0pt
* \columnsep=10.0pt
* \skip\footins=9.0pt plus 4.0pt minus 2.0pt
* \hoffset=0.0pt
* \voffset=0.0pt
* \mag=1000
* \@twocolumnfalse
* \@twosidetrue
* \@mparswitchfalse
* \@reversemarginfalse
* (1in=72.27pt=25.4mm, 1cm=28.453pt)

\langwohyphens=\language87
(/usr/local/texlive/2022/texmf-dist/tex/context/base/mkii/supp-pdf.mkii
[Loading MPS to PDF converter (version 2006.09.02).]
\scratchcounter=\count327
\scratchdimen=\dimen270
\scratchbox=\box121
\nofMPsegments=\count328
\nofMParguments=\count329
\everyMPshowfont=\toks39
\MPscratchCnt=\count330
\MPscratchDim=\dimen271
\MPnumerator=\count331
\makeMPintoPDFobject=\count332
\everyMPtoPDFconversion=\toks40
) (/usr/local/texlive/2022/texmf-dist/tex/latex/epstopdf-pkg/epstopdf-base.sty
Package: epstopdf-base 2020-01-24 v2.11 Base part for package epstopdf
Package epstopdf-base Info: Redefining graphics rule for `.eps' on input line 4
85.
(/usr/local/texlive/2022/texmf-dist/tex/latex/latexconfig/epstopdf-sys.cfg
File: epstopdf-sys.cfg 2010/07/13 v1.3 Configuration of (r)epstopdf for TeX Liv
e
))
LaTeX Font Info:    Trying to load font information for OT1+pplx on input line 
96.
(/usr/local/texlive/2022/texmf-dist/tex/latex/psnfss/ot1pplx.fd
File: ot1pplx.fd 2004/09/06 font definitions for OT1/pplx.
)
LaTeX Font Info:    Trying to load font information for OML+zplm on input line 
96.
(/usr/local/texlive/2022/texmf-dist/tex/latex/psnfss/omlzplm.fd
File: omlzplm.fd 2002/09/08 Fontinst v1.914 font definitions for OML/zplm.
)
LaTeX Font Info:    Trying to load font information for OMS+zplm on input line 
96.
(/usr/local/texlive/2022/texmf-dist/tex/latex/psnfss/omszplm.fd
File: omszplm.fd 2002/09/08 Fontinst v1.914 font definitions for OMS/zplm.
)
LaTeX Font Info:    Trying to load font information for OMX+zplm on input line 
96.
(/usr/local/texlive/2022/texmf-dist/tex/latex/psnfss/omxzplm.fd
File: omxzplm.fd 2002/09/08 Fontinst v1.914 font definitions for OMX/zplm.
)
LaTeX Font Info:    Trying to load font information for OT1+zplm on input line 
96.
(/usr/local/texlive/2022/texmf-dist/tex/latex/psnfss/ot1zplm.fd
File: ot1zplm.fd 2002/09/08 Fontinst v1.914 font definitions for OT1/zplm.
)
LaTeX Font Info:    Font shape `U/msa/m/n' will be
(Font)              scaled to size 10.42007pt on input line 96.
LaTeX Font Info:    Font shape `U/msa/m/n' will be
(Font)              scaled to size 7.91925pt on input line 96.
LaTeX Font Info:    Font shape `U/msa/m/n' will be
(Font)              scaled to size 6.25204pt on input line 96.
LaTeX Font Info:    Font shape `U/msb/m/n' will be
(Font)              scaled to size 10.42007pt on input line 96.
LaTeX Font Info:    Font shape `U/msb/m/n' will be
(Font)              scaled to size 7.91925pt on input line 96.
LaTeX Font Info:    Font shape `U/msb/m/n' will be
(Font)              scaled to size 6.25204pt on input line 96.
LaTeX Font Info:    Font shape `U/msa/m/n' will be
(Font)              scaled to size 8.33606pt on input line 96.
LaTeX Font Info:    Font shape `U/msa/m/n' will be
(Font)              scaled to size 5.21004pt on input line 96.
LaTeX Font Info:    Font shape `U/msb/m/n' will be
(Font)              scaled to size 8.33606pt on input line 96.
LaTeX Font Info:    Font shape `U/msb/m/n' will be
(Font)              scaled to size 5.21004pt on input line 96.
LaTeX Font Info:    Trying to load font information for T1+fvm on input line 96
.
(/usr/local/texlive/2022/texmf-dist/tex/latex/bera/t1fvm.fd
File: t1fvm.fd 2004/09/07 scalable font definitions for T1/fvm.
)
LaTeX Font Info:    Font shape `T1/fvm/m/n' will be
(Font)              scaled to size 6.80005pt on input line 96.
<4rctaxfc-400.png, id=5, 321.2pt x 321.2pt>
File: 4rctaxfc-400.png Graphic file (type png)
<use 4rctaxfc-400.png>
Package pdftex.def Info: 4rctaxfc-400.png  used on input line 96.
(pdftex.def)             Requested size: 42.67886pt x 42.67886pt.

LaTeX Warning: Marginpar on page 1 moved.


LaTeX Warning: Marginpar on page 1 moved.


LaTeX Warning: Marginpar on page 1 moved.


LaTeX Warning: Marginpar on page 1 moved.


LaTeX Warning: Marginpar on page 1 moved.


LaTeX Warning: Marginpar on page 1 moved.


LaTeX Warning: Marginpar on page 1 moved.


LaTeX Warning: Marginpar on page 1 moved.


LaTeX Warning: Marginpar on page 1 moved.


LaTeX Warning: Marginpar on page 1 moved.

<Oakleigh_Southern_Metropolitan_SED_files/figure-latex/Needs_map-1.pdf, id=8, 2
65.99374pt x 99.37125pt>
File: Oakleigh_Southern_Metropolitan_SED_files/figure-latex/Needs_map-1.pdf Gra
phic file (type pdf)
<use Oakleigh_Southern_Metropolitan_SED_files/figure-latex/Needs_map-1.pdf>
Package pdftex.def Info: Oakleigh_Southern_Metropolitan_SED_files/figure-latex/
Needs_map-1.pdf  used on input line 133.
(pdftex.def)             Requested size: 312.02722pt x 116.56865pt.

Underfull \hbox (badness 10000) in paragraph at lines 133--134

 []


LaTeX Warning: Marginpar on page 1 moved.

<Oakleigh_Southern_Metropolitan_SED_files/figure-latex/SI_map-1.pdf, id=9, 266.
9975pt x 99.37125pt>
File: Oakleigh_Southern_Metropolitan_SED_files/figure-latex/SI_map-1.pdf Graphi
c file (type pdf)
<use Oakleigh_Southern_Metropolitan_SED_files/figure-latex/SI_map-1.pdf>
Package pdftex.def Info: Oakleigh_Southern_Metropolitan_SED_files/figure-latex/
SI_map-1.pdf  used on input line 143.
(pdftex.def)             Requested size: 240.01033pt x 89.32715pt.
<Oakleigh_Southern_Metropolitan_SED_files/figure-latex/SI_map-2.pdf, id=10, 265
.99374pt x 99.37125pt>
File: Oakleigh_Southern_Metropolitan_SED_files/figure-latex/SI_map-2.pdf Graphi
c file (type pdf)
<use Oakleigh_Southern_Metropolitan_SED_files/figure-latex/SI_map-2.pdf>
Package pdftex.def Info: Oakleigh_Southern_Metropolitan_SED_files/figure-latex/
SI_map-2.pdf  used on input line 143.
(pdftex.def)             Requested size: 240.00502pt x 89.66225pt.

Overfull \hbox (2.92535pt too wide) in paragraph at lines 143--144
[][] []
 []


Underfull \hbox (badness 10000) in paragraph at lines 143--144

 []

[1

{/usr/local/texlive/2022/texmf-var/fonts/map/pdftex/updmap/pdftex.map} <./4rcta
xfc-400.png> <./Oakleigh_Southern_Metropolitan_SED_files/figure-latex/Needs_map
-1.pdf>]

LaTeX Warning: Marginpar on page 2 moved.


LaTeX Warning: Marginpar on page 2 moved.

<Oakleigh_Southern_Metropolitan_SED_files/figure-latex/SI_change_map-1.pdf, id=
33, 253.94875pt x 47.17625pt>
File: Oakleigh_Southern_Metropolitan_SED_files/figure-latex/SI_change_map-1.pdf
 Graphic file (type pdf)
<use Oakleigh_Southern_Metropolitan_SED_files/figure-latex/SI_change_map-1.pdf>

Package pdftex.def Info: Oakleigh_Southern_Metropolitan_SED_files/figure-latex/
SI_change_map-1.pdf  used on input line 158.
(pdftex.def)             Requested size: 480.01991pt x 89.17363pt.

Underfull \hbox (badness 10000) in paragraph at lines 158--159

 []


LaTeX Warning: Marginpar on page 2 moved.


LaTeX Warning: Marginpar on page 2 moved.


LaTeX Warning: Marginpar on page 2 moved.


LaTeX Warning: Marginpar on page 2 moved.


LaTeX Warning: Marginpar on page 2 moved.


LaTeX Warning: Marginpar on page 2 moved.


LaTeX Warning: Marginpar on page 2 moved.

LaTeX Font Info:    Font shape `T1/fvm/m/n' will be
(Font)              scaled to size 8.50006pt on input line 184.
[2 <./Oakleigh_Southern_Metropolitan_SED_files/figure-latex/SI_map-1.pdf> <./Oa
kleigh_Southern_Metropolitan_SED_files/figure-latex/SI_map-2.pdf> <./Oakleigh_S
outhern_Metropolitan_SED_files/figure-latex/SI_change_map-1.pdf>]
Overfull \hbox (25.7243pt too wide) in paragraph at lines 237--237
[]\T1/fvm/m/n/10 ##     ratio_binned_less population        ratio_binned       
perc[] 
 []


Overfull \hbox (25.7243pt too wide) in paragraph at lines 237--237
[]\T1/fvm/m/n/10 ## 1 Increased 10 to 30%       1691 Increased 10 to 30% 0.0666
6141[] 
 []


Overfull \hbox (25.7243pt too wide) in paragraph at lines 237--237
[]\T1/fvm/m/n/10 ## 2  Increased 5 to 10%       4328  Increased 5 to 10% 0.1706
1537[] 
 []


Overfull \hbox (25.7243pt too wide) in paragraph at lines 237--237
[]\T1/fvm/m/n/10 ## 3   Increased 3 to 5%       4121   Increased 3 to 5% 0.1624
5516[] 
 []


Overfull \hbox (25.7243pt too wide) in paragraph at lines 237--237
[]\T1/fvm/m/n/10 ## 4   Increased 1 to 3%       3631   Increased 1 to 3% 0.1431
3872[] 
 []


Overfull \hbox (25.7243pt too wide) in paragraph at lines 237--237
[]\T1/fvm/m/n/10 ## 5           Within 1%       9840           Within 1% 0.3879
0555[] 
 []


Overfull \hbox (25.7243pt too wide) in paragraph at lines 237--237
[]\T1/fvm/m/n/10 ## 6     Reduced 1 to 3%       1756     Reduced 1 to 3% 0.0692
2379[] 
 []


Overfull \hbox (56.42651pt too wide) in paragraph at lines 252--252
[]\T1/fvm/m/n/10 ##        ratio_binned_less population          ratio_binned  
      perc[] 
 []


Overfull \hbox (56.42651pt too wide) in paragraph at lines 252--252
[]\T1/fvm/m/n/10 ## 1     Not served in 2023       2793    Not served in 2023 0
.013528503[] 
 []


Overfull \hbox (56.42651pt too wide) in paragraph at lines 252--252
[]\T1/fvm/m/n/10 ## 2            New service        880           New service 0
.004262471[] 
 []


Overfull \hbox (56.42651pt too wide) in paragraph at lines 252--252
[]\T1/fvm/m/n/10 ## 3  Increased 30% or more      15869 Increased 30% or more 0
.076864952[] 
 []


Overfull \hbox (56.42651pt too wide) in paragraph at lines 252--252
[]\T1/fvm/m/n/10 ## 4    Increased 10 to 30%      24626   Increased 10 to 30% 0
.119281386[] 
 []


Overfull \hbox (56.42651pt too wide) in paragraph at lines 252--252
[]\T1/fvm/m/n/10 ## 5     Increased 5 to 10%      26896    Increased 5 to 10% 0
.130276625[] 
 []

[3]
Overfull \hbox (56.42651pt too wide) in paragraph at lines 252--252
[]\T1/fvm/m/n/10 ## 6      Increased 3 to 5%      20683     Increased 3 to 5% 0
.100182608[] 
 []


Overfull \hbox (56.42651pt too wide) in paragraph at lines 252--252
[]\T1/fvm/m/n/10 ## 7      Increased 1 to 3%      33166     Increased 1 to 3% 0
.160646733[] 
 []


Overfull \hbox (56.42651pt too wide) in paragraph at lines 252--252
[]\T1/fvm/m/n/10 ## 8              Within 1%      66451             Within 1% 0
.321869869[] 
 []


Overfull \hbox (56.42651pt too wide) in paragraph at lines 252--252
[]\T1/fvm/m/n/10 ## 9        Reduced 1 to 3%       5925       Reduced 1 to 3% 0
.028699026[] 
 []


Overfull \hbox (56.42651pt too wide) in paragraph at lines 252--252
[]\T1/fvm/m/n/10 ## 10      Reduced 3 to 10%       6830      Reduced 3 to 10% 0
.033082590[] 
 []


Overfull \hbox (56.42651pt too wide) in paragraph at lines 252--252
[]\T1/fvm/m/n/10 ## 11   Reduced 10% or more       2334   Reduced 10% or more 0
.011305237[] 
 []


Overfull \hbox (56.42651pt too wide) in paragraph at lines 267--267
[]\T1/fvm/m/n/10 ##        ratio_binned_less population          ratio_binned  
      perc[] 
 []


Overfull \hbox (56.42651pt too wide) in paragraph at lines 267--267
[]\T1/fvm/m/n/10 ## 1     Not served in 2023      84147    Not served in 2023 0
.046559560[] 
 []


Overfull \hbox (56.42651pt too wide) in paragraph at lines 267--267
[]\T1/fvm/m/n/10 ## 2            New service      16465           New service 0
.009110285[] 
 []


Overfull \hbox (56.42651pt too wide) in paragraph at lines 267--267
[]\T1/fvm/m/n/10 ## 3  Increased 30% or more      80322 Increased 30% or more 0
.044443141[] 
 []


Overfull \hbox (56.42651pt too wide) in paragraph at lines 267--267
[]\T1/fvm/m/n/10 ## 4    Increased 10 to 30%      91374   Increased 10 to 30% 0
.050558347[] 
 []


Overfull \hbox (56.42651pt too wide) in paragraph at lines 267--267
[]\T1/fvm/m/n/10 ## 5     Increased 5 to 10%      63618    Increased 5 to 10% 0
.035200614[] 
 []


Overfull \hbox (56.42651pt too wide) in paragraph at lines 267--267
[]\T1/fvm/m/n/10 ## 6      Increased 3 to 5%      96271     Increased 3 to 5% 0
.053267917[] 
 []


Overfull \hbox (56.42651pt too wide) in paragraph at lines 267--267
[]\T1/fvm/m/n/10 ## 7      Increased 1 to 3%     228317     Increased 1 to 3% 0
.126330577[] 
 []


Overfull \hbox (56.42651pt too wide) in paragraph at lines 267--267
[]\T1/fvm/m/n/10 ## 8              Within 1%     848133             Within 1% 0
.469282321[] 
 []


Overfull \hbox (56.42651pt too wide) in paragraph at lines 267--267
[]\T1/fvm/m/n/10 ## 9        Reduced 1 to 3%     100847       Reduced 1 to 3% 0
.055799874[] 
 []


Overfull \hbox (56.42651pt too wide) in paragraph at lines 267--267
[]\T1/fvm/m/n/10 ## 10      Reduced 3 to 10%     128415      Reduced 3 to 10% 0
.071053584[] 
 []


Overfull \hbox (56.42651pt too wide) in paragraph at lines 267--267
[]\T1/fvm/m/n/10 ## 11   Reduced 10% or more      69389   Reduced 10% or more 0
.038393779[] 
 []


Overfull \hbox (10.3732pt too wide) in paragraph at lines 312--312
[]\T1/fvm/m/n/10 ##  transit_supply Oakleigh (S Metro) Rest of Greater Melbourn
e[] 
 []


Overfull \hbox (10.3732pt too wide) in paragraph at lines 312--312
[]\T1/fvm/m/n/10 ##     Zero Supply                  4                       47
6[] 
 []


Overfull \hbox (10.3732pt too wide) in paragraph at lines 312--312
[]\T1/fvm/m/n/10 ##        Very Low                  9                      257
4[] 
 []


Overfull \hbox (10.3732pt too wide) in paragraph at lines 312--312
[]\T1/fvm/m/n/10 ##             Low                 19                      243
3[] 
 []

[4]
Overfull \hbox (10.3732pt too wide) in paragraph at lines 312--312
[]\T1/fvm/m/n/10 ##   Below average                 63                      223
3[] 
 []


Overfull \hbox (10.3732pt too wide) in paragraph at lines 312--312
[]\T1/fvm/m/n/10 ##   Above average                 54                       73
8[] 
 []


Overfull \hbox (10.3732pt too wide) in paragraph at lines 312--312
[]\T1/fvm/m/n/10 ##            High                 63                       75
3[] 
 []


Overfull \hbox (10.3732pt too wide) in paragraph at lines 312--312
[]\T1/fvm/m/n/10 ##       Very High                 18                       86
9[] 
 []


Overfull \hbox (10.3732pt too wide) in paragraph at lines 327--327
[]\T1/fvm/m/n/10 ##  transit_supply Oakleigh (S Metro) Rest of Greater Melbourn
e[] 
 []


Overfull \hbox (10.3732pt too wide) in paragraph at lines 327--327
[]\T1/fvm/m/n/10 ##     Zero Supply           10.71221                  469.287
8[] 
 []


Overfull \hbox (10.3732pt too wide) in paragraph at lines 327--327
[]\T1/fvm/m/n/10 ##        Very Low           57.64506                 2525.354
9[] 
 []


Overfull \hbox (10.3732pt too wide) in paragraph at lines 327--327
[]\T1/fvm/m/n/10 ##             Low           54.72152                 2397.278
5[] 
 []


Overfull \hbox (10.3732pt too wide) in paragraph at lines 327--327
[]\T1/fvm/m/n/10 ##   Below average           51.24005                 2244.759
9[] 
 []


Overfull \hbox (10.3732pt too wide) in paragraph at lines 327--327
[]\T1/fvm/m/n/10 ##   Above average           17.67514                  774.324
9[] 
 []


Overfull \hbox (10.3732pt too wide) in paragraph at lines 327--327
[]\T1/fvm/m/n/10 ##            High           18.21075                  797.789
2[] 
 []


Overfull \hbox (10.3732pt too wide) in paragraph at lines 327--327
[]\T1/fvm/m/n/10 ##       Very High           19.79526                  867.204
7[] 
 []


Overfull \hbox (10.3732pt too wide) in paragraph at lines 372--372
[]\T1/fvm/m/n/10 ##  transit_supply Oakleigh (S Metro) Rest of Greater Melbourn
e[] 
 []


Overfull \hbox (10.3732pt too wide) in paragraph at lines 372--372
[]\T1/fvm/m/n/10 ##     Zero Supply                  4                       46
4[] 
 []


Overfull \hbox (10.3732pt too wide) in paragraph at lines 372--372
[]\T1/fvm/m/n/10 ##        Very Low                  8                      256
9[] 
 []


Overfull \hbox (10.3732pt too wide) in paragraph at lines 372--372
[]\T1/fvm/m/n/10 ##             Low                 18                      242
7[] 
 []


Overfull \hbox (10.3732pt too wide) in paragraph at lines 372--372
[]\T1/fvm/m/n/10 ##   Below average                 57                      224
1[] 
 []


Overfull \hbox (10.3732pt too wide) in paragraph at lines 372--372
[]\T1/fvm/m/n/10 ##   Above average                 59                       73
0[] 
 []


Overfull \hbox (10.3732pt too wide) in paragraph at lines 372--372
[]\T1/fvm/m/n/10 ##            High                 66                       76
5[] 
 []

[5]
Overfull \hbox (10.3732pt too wide) in paragraph at lines 372--372
[]\T1/fvm/m/n/10 ##       Very High                 18                       88
0[] 
 []


Overfull \hbox (10.3732pt too wide) in paragraph at lines 387--387
[]\T1/fvm/m/n/10 ##  transit_supply Oakleigh (S Metro) Rest of Greater Melbourn
e[] 
 []


Overfull \hbox (10.3732pt too wide) in paragraph at lines 387--387
[]\T1/fvm/m/n/10 ##     Zero Supply           10.44440                  457.555
6[] 
 []


Overfull \hbox (10.3732pt too wide) in paragraph at lines 387--387
[]\T1/fvm/m/n/10 ##        Very Low           57.51116                 2519.488
8[] 
 []


Overfull \hbox (10.3732pt too wide) in paragraph at lines 387--387
[]\T1/fvm/m/n/10 ##             Low           54.56530                 2390.434
7[] 
 []


Overfull \hbox (10.3732pt too wide) in paragraph at lines 387--387
[]\T1/fvm/m/n/10 ##   Below average           51.28469                 2246.715
3[] 
 []


Overfull \hbox (10.3732pt too wide) in paragraph at lines 387--387
[]\T1/fvm/m/n/10 ##   Above average           17.60819                  771.391
8[] 
 []


Overfull \hbox (10.3732pt too wide) in paragraph at lines 387--387
[]\T1/fvm/m/n/10 ##            High           18.54551                  812.454
5[] 
 []


Overfull \hbox (10.3732pt too wide) in paragraph at lines 387--387
[]\T1/fvm/m/n/10 ##       Very High           20.04075                  877.959
2[] 
 []


Overfull \hbox (46.19244pt too wide) in paragraph at lines 444--444
[]\T1/fvm/m/n/10 ##           ratio_binned Oakleigh (S Metro) Rest of Greater M
elbourne[] 
 []


Overfull \hbox (46.19244pt too wide) in paragraph at lines 444--444
[]\T1/fvm/m/n/10 ##            New service                  0                  
      58[] 
 []

[6]
Overfull \hbox (46.19244pt too wide) in paragraph at lines 444--444
[]\T1/fvm/m/n/10 ##  Increased 30% or more                  7                  
     302[] 
 []


Overfull \hbox (46.19244pt too wide) in paragraph at lines 444--444
[]\T1/fvm/m/n/10 ##    Increased 10 to 30%                 10                  
     426[] 
 []


Overfull \hbox (46.19244pt too wide) in paragraph at lines 444--444
[]\T1/fvm/m/n/10 ##     Increased 5 to 10%                 30                  
     372[] 
 []


Overfull \hbox (46.19244pt too wide) in paragraph at lines 444--444
[]\T1/fvm/m/n/10 ##      Increased 3 to 5%                 32                  
     498[] 
 []


Overfull \hbox (46.19244pt too wide) in paragraph at lines 444--444
[]\T1/fvm/m/n/10 ##      Increased 1 to 3%                 50                  
    1429[] 
 []


Overfull \hbox (46.19244pt too wide) in paragraph at lines 444--444
[]\T1/fvm/m/n/10 ##              Within 1%                 77                  
    4769[] 
 []


Overfull \hbox (46.19244pt too wide) in paragraph at lines 444--444
[]\T1/fvm/m/n/10 ##        Reduced 1 to 3%                 15                  
     580[] 
 []


Overfull \hbox (46.19244pt too wide) in paragraph at lines 444--444
[]\T1/fvm/m/n/10 ##       Reduced 3 to 10%                  5                  
     745[] 
 []


Overfull \hbox (46.19244pt too wide) in paragraph at lines 444--444
[]\T1/fvm/m/n/10 ##    Reduced 10% or more                  0                  
     433[] 
 []


Overfull \hbox (46.19244pt too wide) in paragraph at lines 444--444
[]\T1/fvm/m/n/10 ##     Not served in 2023                  4                  
     464[] 
 []


Overfull \hbox (46.19244pt too wide) in paragraph at lines 463--463
[]\T1/fvm/m/n/10 ##           ratio_binned Oakleigh (S Metro) Rest of Greater M
elbourne[] 
 []


Overfull \hbox (46.19244pt too wide) in paragraph at lines 463--463
[]\T1/fvm/m/n/10 ##            New service           1.294392                  
56.70561[] 
 []


Overfull \hbox (46.19244pt too wide) in paragraph at lines 463--463
[]\T1/fvm/m/n/10 ##  Increased 30% or more           6.895983                 3
02.10402[] 
 []


Overfull \hbox (46.19244pt too wide) in paragraph at lines 463--463
[]\T1/fvm/m/n/10 ##    Increased 10 to 30%           9.730254                 4
26.26975[] 
 []


Overfull \hbox (46.19244pt too wide) in paragraph at lines 463--463
[]\T1/fvm/m/n/10 ##     Increased 5 to 10%           8.971473                 3
93.02853[] 
 []


Overfull \hbox (46.19244pt too wide) in paragraph at lines 463--463
[]\T1/fvm/m/n/10 ##      Increased 3 to 5%          11.828061                 5
18.17194[] 
 []


Overfull \hbox (46.19244pt too wide) in paragraph at lines 463--463
[]\T1/fvm/m/n/10 ##      Increased 1 to 3%          33.006986                14
45.99301[] 
 []


Overfull \hbox (46.19244pt too wide) in paragraph at lines 463--463
[]\T1/fvm/m/n/10 ##              Within 1%         108.148651                47
37.85135[] 
 []


Overfull \hbox (46.19244pt too wide) in paragraph at lines 463--463
[]\T1/fvm/m/n/10 ##        Reduced 1 to 3%          13.278673                 5
81.72133[] 
 []


Overfull \hbox (46.19244pt too wide) in paragraph at lines 463--463
[]\T1/fvm/m/n/10 ##       Reduced 3 to 10%          16.737823                 7
33.26218[] 
 []


Overfull \hbox (46.19244pt too wide) in paragraph at lines 463--463
[]\T1/fvm/m/n/10 ##    Reduced 10% or more           9.663303                 4
23.33670[] 
 []


Overfull \hbox (46.19244pt too wide) in paragraph at lines 463--463
[]\T1/fvm/m/n/10 ##     Not served in 2023          10.444401                 4
57.55560[] 
 []

[7]
Overfull \hbox (15.49023pt too wide) in paragraph at lines 507--507
[]\T1/fvm/m/n/10 ##  composite_needs Oakleigh (S Metro) Rest of Greater Melbour
ne[] 
 []


Overfull \hbox (15.49023pt too wide) in paragraph at lines 507--507
[]\T1/fvm/m/n/10 ##         Very Low                 29                      18
51[] 
 []


Overfull \hbox (15.49023pt too wide) in paragraph at lines 507--507
[]\T1/fvm/m/n/10 ##              Low                 36                      18
16[] 
 []


Overfull \hbox (15.49023pt too wide) in paragraph at lines 507--507
[]\T1/fvm/m/n/10 ##    Below average                 45                      17
68[] 
 []


Overfull \hbox (15.49023pt too wide) in paragraph at lines 507--507
[]\T1/fvm/m/n/10 ##    Above average                 36                      14
40[] 
 []


Overfull \hbox (15.49023pt too wide) in paragraph at lines 507--507
[]\T1/fvm/m/n/10 ##             High                 33                      14
48[] 
 []


Overfull \hbox (15.49023pt too wide) in paragraph at lines 507--507
[]\T1/fvm/m/n/10 ##        Very High                 36                      14
41[] 
 []


Overfull \hbox (15.49023pt too wide) in paragraph at lines 507--507
[]\T1/fvm/m/n/10 ##               NA                 15                       3
12[] 
 []

[8]
Overfull \hbox (46.19244pt too wide) in paragraph at lines 566--566
[]\T1/fvm/m/n/10 ##      ratio_binned_less Oakleigh (S Metro) Rest of Greater M
elbourne[] 
 []


Overfull \hbox (46.19244pt too wide) in paragraph at lines 566--566
[]\T1/fvm/m/n/10 ##     Not served in 2023                  0                  
     148[] 
 []


Overfull \hbox (46.19244pt too wide) in paragraph at lines 566--566
[]\T1/fvm/m/n/10 ##            New service                  0                  
      29[] 
 []


Overfull \hbox (46.19244pt too wide) in paragraph at lines 566--566
[]\T1/fvm/m/n/10 ##  Increased 30% or more                  0                  
     131[] 
 []


Overfull \hbox (46.19244pt too wide) in paragraph at lines 566--566
[]\T1/fvm/m/n/10 ##    Increased 10 to 30%                  3                  
     157[] 
 []


Overfull \hbox (46.19244pt too wide) in paragraph at lines 566--566
[]\T1/fvm/m/n/10 ##     Increased 5 to 10%                  8                  
     111[] 
 []


Overfull \hbox (46.19244pt too wide) in paragraph at lines 566--566
[]\T1/fvm/m/n/10 ##      Increased 3 to 5%                  8                  
     170[] 
 []


Overfull \hbox (46.19244pt too wide) in paragraph at lines 566--566
[]\T1/fvm/m/n/10 ##      Increased 1 to 3%                  5                  
     403[] 
 []


Overfull \hbox (46.19244pt too wide) in paragraph at lines 566--566
[]\T1/fvm/m/n/10 ##              Within 1%                 18                  
    1501[] 
 []


Overfull \hbox (46.19244pt too wide) in paragraph at lines 566--566
[]\T1/fvm/m/n/10 ##        Reduced 1 to 3%                  3                  
     177[] 
 []


Overfull \hbox (46.19244pt too wide) in paragraph at lines 566--566
[]\T1/fvm/m/n/10 ##       Reduced 3 to 10%                  0                  
     229[] 
 []


Overfull \hbox (46.19244pt too wide) in paragraph at lines 566--566
[]\T1/fvm/m/n/10 ##    Reduced 10% or more                  0                  
     123[] 
 []


Overfull \hbox (46.19244pt too wide) in paragraph at lines 581--581
[]\T1/fvm/m/n/10 ##      ratio_binned_less Oakleigh (S Metro) Rest of Greater M
elbourne[] 
 []


Overfull \hbox (46.19244pt too wide) in paragraph at lines 581--581
[]\T1/fvm/m/n/10 ##     Not served in 2023          2.0657568                 1
45.93424[] 
 []


Overfull \hbox (46.19244pt too wide) in paragraph at lines 581--581
[]\T1/fvm/m/n/10 ##            New service          0.4047767                  
28.59522[] 
 []


Overfull \hbox (46.19244pt too wide) in paragraph at lines 581--581
[]\T1/fvm/m/n/10 ##  Increased 30% or more          1.8284739                 1
29.17153[] 
 []


Overfull \hbox (46.19244pt too wide) in paragraph at lines 581--581
[]\T1/fvm/m/n/10 ##    Increased 10 to 30%          2.2332506                 1
57.76675[] 
 []


Overfull \hbox (46.19244pt too wide) in paragraph at lines 581--581
[]\T1/fvm/m/n/10 ##     Increased 5 to 10%          1.6609801                 1
17.33902[] 
 []


Overfull \hbox (46.19244pt too wide) in paragraph at lines 581--581
[]\T1/fvm/m/n/10 ##      Increased 3 to 5%          2.4844913                 1
75.51551[] 
 []


Overfull \hbox (46.19244pt too wide) in paragraph at lines 581--581
[]\T1/fvm/m/n/10 ##      Increased 1 to 3%          5.6947891                 4
02.30521[] 
 []


Overfull \hbox (46.19244pt too wide) in paragraph at lines 581--581
[]\T1/fvm/m/n/10 ##              Within 1%         21.2019231                14
97.79808[] 
 []


Overfull \hbox (46.19244pt too wide) in paragraph at lines 581--581
[]\T1/fvm/m/n/10 ##        Reduced 1 to 3%          2.5124069                 1
77.48759[] 
 []


Overfull \hbox (46.19244pt too wide) in paragraph at lines 581--581
[]\T1/fvm/m/n/10 ##       Reduced 3 to 10%          3.1963400                 2
25.80366[] 
 []


Overfull \hbox (46.19244pt too wide) in paragraph at lines 581--581
[]\T1/fvm/m/n/10 ##    Reduced 10% or more          1.7168114                 1
21.28319[] 
 []


Package bibentry Warning: You have used \nobibliography* 
(bibentry)                without a following \bibliography.
(bibentry)                You may not be able to run BibTeX.

[9] (./Oakleigh_Southern_Metropolitan_SED.aux)
Package rerunfilecheck Info: File `Oakleigh_Southern_Metropolitan_SED.out' has 
not changed.
(rerunfilecheck)             Checksum: D41D8CD98F00B204E9800998ECF8427E;0.
 ) 
Here is how much of TeX's memory you used:
 15585 strings out of 478268
 251221 string characters out of 5846347
 581833 words of memory out of 5000000
 33402 multiletter control sequences out of 15000+600000
 518192 words of font info for 106 fonts, out of 8000000 for 9000
 1141 hyphenation exceptions out of 8191
 94i,11n,94p,493b,489s stack positions out of 10000i,1000n,20000p,200000b,200000s
{/usr/local/texlive/2022/texmf-dist/fonts/enc/dvips/base/8r.enc}</usr/local/t
exlive/2022/texmf-dist/fonts/type1/public/amsfonts/cm/cmmi10.pfb></usr/local/te
xlive/2022/texmf-dist/fonts/type1/public/amsfonts/cm/cmr10.pfb></usr/local/texl
ive/2022/texmf-dist/fonts/type1/public/mathpazo/fplmri.pfb></usr/local/texlive/
2022/texmf-dist/fonts/type1/public/fpl/fplrc8a.pfb></usr/local/texlive/2022/tex
mf-dist/fonts/type1/public/fpl/fplrij8a.pfb></usr/local/texlive/2022/texmf-dist
/fonts/type1/public/bera/fvmr8a.pfb></usr/local/texlive/2022/texmf-dist/fonts/t
ype1/urw/palatino/uplr8a.pfb></usr/local/texlive/2022/texmf-dist/fonts/type1/ur
w/palatino/uplri8a.pfb>
Output written on Oakleigh_Southern_Metropolitan_SED.pdf (9 pages, 357235 bytes
).
PDF statistics:
 223 PDF objects out of 1000 (max. 8388607)
 135 compressed objects within 2 object streams
 13 named destinations out of 1000 (max. 500000)
 1050 words of extra memory for PDF output out of 10000 (max. 10000000)

